<?xml version="1.0" encoding="UTF-8"?>
<!-- Generated by org.testng.reporters.JUnitXMLReporter -->
<testsuite ignored="0" hostname="SaratProBook" failures="0" tests="2" name="Default test(failed)" time="0.703" errors="0" timestamp="30 Apr 2023 09:09:17 GMT">
  <testcase classname="Testcases.Baseclass" name="@BeforeMethod Setup" time="0.569">
    <failure type="java.lang.NullPointerException" message="Cannot invoke &amp;quot;com.relevantcodes.extentreports.ExtentReports.startTest(String)&amp;quot; because &amp;quot;this.report&amp;quot; is null">
      <![CDATA[java.lang.NullPointerException: Cannot invoke "com.relevantcodes.extentreports.ExtentReports.startTest(String)" because "this.report" is null
at Testcases.Baseclass.Setup(Baseclass.java:35)
... Removed 26 stack frames]]>
    </failure>
  </testcase> <!-- @BeforeMethod Setup -->
  <testcase classname="Testcases.Baseclass" name="@AfterMethod TearDown" time="0.0">
    <skipped/>
  </testcase> <!-- @AfterMethod TearDown -->
  <testcase classname="Testcases.Baseclass" name="@BeforeMethod Setup" time="0.0">
    <skipped/>
  </testcase> <!-- @BeforeMethod Setup -->
  <testcase classname="Testcases.Baseclass" name="@AfterMethod TearDown" time="0.0">
    <skipped/>
  </testcase> <!-- @AfterMethod TearDown -->
  <testcase classname="Testcases.Baseclass" name="@AfterTest ReportClean" time="0.006">
    <failure type="java.lang.NullPointerException" message="Cannot invoke &amp;quot;com.relevantcodes.extentreports.ExtentReports.flush()&amp;quot; because &amp;quot;this.report&amp;quot; is null">
      <![CDATA[java.lang.NullPointerException: Cannot invoke "com.relevantcodes.extentreports.ExtentReports.flush()" because "this.report" is null
at Testcases.Baseclass.ReportClean(Baseclass.java:55)
... Removed 22 stack frames]]>
    </failure>
  </testcase> <!-- @AfterTest ReportClean -->
  <testcase classname="Testcases.Login" name="test1" time="0.0">
    <skipped/>
  </testcase> <!-- test1 -->
  <testcase classname="Testcases.Login" name="test2" time="0.0">
    <skipped/>
  </testcase> <!-- test2 -->
</testsuite> <!-- Default test(failed) -->
