<?xml version="1.0" encoding="UTF-8"?>
<!-- Generated by org.testng.reporters.JUnitXMLReporter -->
<testsuite ignored="0" hostname="SaratProBook" failures="0" tests="3" name="Default test" time="39.06" errors="0" timestamp="04 May 2023 09:42:40 GMT">
  <testcase classname="Testcases.LoginTestCase" name="test1" time="8.013"/>
  <testcase classname="Testcases.LoginTestCase" name="test2" time="5.312"/>
  <testcase classname="Testcases.LoginTestCase" name="test4" time="9.023"/>
</testsuite> <!-- Default test -->
