<?xml version="1.0" encoding="UTF-8"?>
<testng-results ignored="0" total="3" passed="3" failed="0" skipped="0">
  <reporter-output>
  </reporter-output>
  <suite started-at="2023-05-04T09:42:01Z" name="Default suite" finished-at="2023-05-04T09:42:40Z" duration-ms="39060">
    <groups>
    </groups>
    <test started-at="2023-05-04T09:42:01Z" name="Default test" finished-at="2023-05-04T09:42:40Z" duration-ms="39060">
      <class name="Testcases.LoginTestCase">
        <test-method is-config="true" signature="ReportSetup()[pri:0, instance:Testcases.LoginTestCase@196a42c3]" started-at="2023-05-04T09:42:01Z" name="ReportSetup" finished-at="2023-05-04T09:42:03Z" duration-ms="1236" status="PASS">
          <reporter-output>
          </reporter-output>
        </test-method> <!-- ReportSetup -->
        <test-method is-config="true" signature="SetUp(java.lang.reflect.Method)[pri:0, instance:Testcases.LoginTestCase@196a42c3]" started-at="2023-05-04T09:42:03Z" name="SetUp" finished-at="2023-05-04T09:42:08Z" duration-ms="5826" status="PASS">
          <params>
            <param index="0">
              <value>
                <![CDATA[public void Testcases.LoginTestCase.test1()]]>
              </value>
            </param>
          </params>
          <reporter-output>
          </reporter-output>
        </test-method> <!-- SetUp -->
        <test-method signature="test1()[pri:0, instance:Testcases.LoginTestCase@196a42c3]" started-at="2023-05-04T09:42:08Z" name="test1" finished-at="2023-05-04T09:42:16Z" duration-ms="8013" status="PASS">
          <reporter-output>
          </reporter-output>
        </test-method> <!-- test1 -->
        <test-method is-config="true" signature="TearDown()[pri:0, instance:Testcases.LoginTestCase@196a42c3]" started-at="2023-05-04T09:42:16Z" name="TearDown" finished-at="2023-05-04T09:42:17Z" duration-ms="423" status="PASS">
          <reporter-output>
          </reporter-output>
        </test-method> <!-- TearDown -->
        <test-method is-config="true" signature="SetUp(java.lang.reflect.Method)[pri:0, instance:Testcases.LoginTestCase@196a42c3]" started-at="2023-05-04T09:42:17Z" name="SetUp" finished-at="2023-05-04T09:42:21Z" duration-ms="4031" status="PASS">
          <params>
            <param index="0">
              <value>
                <![CDATA[public void Testcases.LoginTestCase.test2()]]>
              </value>
            </param>
          </params>
          <reporter-output>
          </reporter-output>
        </test-method> <!-- SetUp -->
        <test-method signature="test2()[pri:0, instance:Testcases.LoginTestCase@196a42c3]" started-at="2023-05-04T09:42:21Z" name="test2" finished-at="2023-05-04T09:42:26Z" duration-ms="5312" status="PASS">
          <reporter-output>
          </reporter-output>
        </test-method> <!-- test2 -->
        <test-method is-config="true" signature="TearDown()[pri:0, instance:Testcases.LoginTestCase@196a42c3]" started-at="2023-05-04T09:42:26Z" name="TearDown" finished-at="2023-05-04T09:42:27Z" duration-ms="362" status="PASS">
          <reporter-output>
          </reporter-output>
        </test-method> <!-- TearDown -->
        <test-method is-config="true" signature="SetUp(java.lang.reflect.Method)[pri:0, instance:Testcases.LoginTestCase@196a42c3]" started-at="2023-05-04T09:42:27Z" name="SetUp" finished-at="2023-05-04T09:42:30Z" duration-ms="3925" status="PASS">
          <params>
            <param index="0">
              <value>
                <![CDATA[public void Testcases.LoginTestCase.test4() throws com.codoid.products.exception.FilloException]]>
              </value>
            </param>
          </params>
          <reporter-output>
          </reporter-output>
        </test-method> <!-- SetUp -->
        <test-method signature="test4()[pri:0, instance:Testcases.LoginTestCase@196a42c3]" started-at="2023-05-04T09:42:30Z" name="test4" finished-at="2023-05-04T09:42:39Z" duration-ms="9023" status="PASS">
          <reporter-output>
          </reporter-output>
        </test-method> <!-- test4 -->
        <test-method is-config="true" signature="TearDown()[pri:0, instance:Testcases.LoginTestCase@196a42c3]" started-at="2023-05-04T09:42:39Z" name="TearDown" finished-at="2023-05-04T09:42:40Z" duration-ms="327" status="PASS">
          <reporter-output>
          </reporter-output>
        </test-method> <!-- TearDown -->
        <test-method is-config="true" signature="ReportClean()[pri:0, instance:Testcases.LoginTestCase@196a42c3]" started-at="2023-05-04T09:42:40Z" name="ReportClean" finished-at="2023-05-04T09:42:40Z" duration-ms="549" status="PASS">
          <reporter-output>
          </reporter-output>
        </test-method> <!-- ReportClean -->
      </class> <!-- Testcases.LoginTestCase -->
    </test> <!-- Default test -->
  </suite> <!-- Default suite -->
</testng-results>
